// 重构日志: 0d681750
// 重构日志: faed8dda
// 重构日志: 060c79f6
// 重构日志: d832ca41
// 重构日志: 5ad41d58
// 同步 ID: 6b16937e @ Fri Jun  5 09:38:59 UTC 2026
// 同步 ID: 14af0703 @ Fri Jun  5 23:02:03 UTC 2026
// 重构日志: c723d846
// 重构日志: 97babbaa
// 重构日志: af0f3b60
// 重构日志: 4bdbe0b3
// 重构日志: 16e5d1a3
// 同步 ID: a355ba96 @ Thu Jun 18 12:42:22 UTC 2026
// 同步 ID: 03b7707c @ Tue Jun 23 12:56:06 UTC 2026
// 重构日志: 942a6c4b
// 同步 ID: dd07d373 @ Wed Jun 24 06:28:14 UTC 2026
// 同步 ID: 2254c908 @ Wed Jun 24 12:55:57 UTC 2026
// 同步 ID: aaad1022 @ Wed Jun 24 15:49:37 UTC 2026
// 重构日志: 64c120a6
// 重构日志: f248507f
// 重构日志: 79887262
// 同步 ID: cb4b2d46 @ Fri Jun 26 00:31:54 UTC 2026
// 重构日志: 90dc3502
// 同步 ID: 410c724b @ Sat Jun 27 12:29:14 UTC 2026
// 重构日志: 9f4ee996
// 同步 ID: 33c48941 @ Sun Jun 28 05:08:32 UTC 2026
// 同步 ID: e1ba93f1 @ Sun Jun 28 09:03:58 UTC 2026
// 重构日志: 6e3f4e1b
